mode: set
github.com/gaz358/myprog/workmate/cmd/server/docs/docs.go:345.13,347.2 1 0
github.com/gaz358/myprog/workmate/config/config.go:24.21,28.40 3 0
github.com/gaz358/myprog/workmate/config/config.go:28.40,30.3 1 0
github.com/gaz358/myprog/workmate/config/config.go:30.8,32.3 1 0
github.com/gaz358/myprog/workmate/config/config.go:34.2,48.12 3 0
github.com/gaz358/myprog/workmate/config/config.go:51.69,53.15 2 0
github.com/gaz358/myprog/workmate/config/config.go:53.15,56.3 2 0
github.com/gaz358/myprog/workmate/config/config.go:57.2,58.12 2 0
github.com/gaz358/myprog/workmate/config/config.go:61.93,63.15 2 0
github.com/gaz358/myprog/workmate/config/config.go:63.15,66.3 2 0
github.com/gaz358/myprog/workmate/config/config.go:67.2,68.16 2 0
github.com/gaz358/myprog/workmate/config/config.go:68.16,71.3 2 0
github.com/gaz358/myprog/workmate/config/config.go:72.2,73.39 2 0
github.com/gaz358/myprog/workmate/cmd/server/main.go:15.13,17.2 1 0
github.com/gaz358/myprog/workmate/internal/app/app.go:23.12,32.2 8 0
github.com/gaz358/myprog/workmate/internal/app/app.go:34.57,37.2 2 0
github.com/gaz358/myprog/workmate/internal/app/app.go:39.50,40.15 1 0
github.com/gaz358/myprog/workmate/internal/app/app.go:41.15,42.27 1 0
github.com/gaz358/myprog/workmate/internal/app/app.go:43.14,44.26 1 0
github.com/gaz358/myprog/workmate/internal/app/app.go:45.14,46.26 1 0
github.com/gaz358/myprog/workmate/internal/app/app.go:47.15,48.27 1 0
github.com/gaz358/myprog/workmate/internal/app/app.go:49.10,50.26 1 0
github.com/gaz358/myprog/workmate/internal/app/app.go:54.55,60.2 5 0
github.com/gaz358/myprog/workmate/internal/app/app.go:62.71,68.2 1 0
github.com/gaz358/myprog/workmate/internal/app/app.go:70.91,74.12 3 0
github.com/gaz358/myprog/workmate/internal/app/app.go:74.12,76.77 2 0
github.com/gaz358/myprog/workmate/internal/app/app.go:76.77,78.4 1 0
github.com/gaz358/myprog/workmate/internal/app/app.go:81.2,86.42 5 0
github.com/gaz358/myprog/workmate/internal/app/app.go:86.42,88.3 1 0
github.com/gaz358/myprog/workmate/internal/app/app.go:89.2,89.30 1 0
github.com/gaz358/myprog/workmate/internal/delivery/health/handler.go:9.54,14.49 4 0
github.com/gaz358/myprog/workmate/internal/delivery/health/handler.go:14.49,16.3 1 0
github.com/gaz358/myprog/workmate/usecase/task_usecase.go:20.86,26.2 1 1
github.com/gaz358/myprog/workmate/usecase/task_usecase.go:28.59,38.50 4 1
github.com/gaz358/myprog/workmate/usecase/task_usecase.go:38.50,41.3 2 1
github.com/gaz358/myprog/workmate/usecase/task_usecase.go:43.2,52.18 8 1
github.com/gaz358/myprog/workmate/usecase/task_usecase.go:55.68,59.50 4 1
github.com/gaz358/myprog/workmate/usecase/task_usecase.go:59.50,61.3 1 0
github.com/gaz358/myprog/workmate/usecase/task_usecase.go:63.2,63.9 1 1
github.com/gaz358/myprog/workmate/usecase/task_usecase.go:64.20,69.51 5 0
github.com/gaz358/myprog/workmate/usecase/task_usecase.go:69.51,71.4 1 0
github.com/gaz358/myprog/workmate/usecase/task_usecase.go:72.3,72.58 1 0
github.com/gaz358/myprog/workmate/usecase/task_usecase.go:73.33,78.51 5 0
github.com/gaz358/myprog/workmate/usecase/task_usecase.go:78.51,80.4 1 0
github.com/gaz358/myprog/workmate/usecase/task_usecase.go:81.3,81.59 1 0
github.com/gaz358/myprog/workmate/usecase/task_usecase.go:84.2,87.72 4 0
github.com/gaz358/myprog/workmate/usecase/task_usecase.go:90.65,94.16 4 1
github.com/gaz358/myprog/workmate/usecase/task_usecase.go:94.16,96.3 1 1
github.com/gaz358/myprog/workmate/usecase/task_usecase.go:97.2,97.18 1 1
github.com/gaz358/myprog/workmate/usecase/task_usecase.go:100.52,104.40 4 1
github.com/gaz358/myprog/workmate/usecase/task_usecase.go:104.40,108.3 3 1
github.com/gaz358/myprog/workmate/usecase/task_usecase.go:109.2,111.16 3 1
github.com/gaz358/myprog/workmate/usecase/task_usecase.go:111.16,113.3 1 0
github.com/gaz358/myprog/workmate/usecase/task_usecase.go:114.2,114.12 1 1
github.com/gaz358/myprog/workmate/usecase/task_usecase.go:117.60,121.16 4 1
github.com/gaz358/myprog/workmate/usecase/task_usecase.go:121.16,123.3 1 0
github.com/gaz358/myprog/workmate/usecase/task_usecase.go:124.2,124.19 1 1
github.com/gaz358/myprog/workmate/usecase/task_usecase.go:127.52,132.9 5 1
github.com/gaz358/myprog/workmate/usecase/task_usecase.go:132.9,135.3 2 1
github.com/gaz358/myprog/workmate/usecase/task_usecase.go:136.2,138.12 3 1
github.com/gaz358/myprog/workmate/pkg/logger/context.go:18.69,20.2 1 0
github.com/gaz358/myprog/workmate/pkg/logger/context.go:23.61,24.57 1 0
github.com/gaz358/myprog/workmate/pkg/logger/context.go:24.57,26.3 1 0
github.com/gaz358/myprog/workmate/pkg/logger/context.go:27.2,27.29 1 0
github.com/gaz358/myprog/workmate/pkg/logger/context.go:32.52,34.9 2 0
github.com/gaz358/myprog/workmate/pkg/logger/context.go:34.9,36.3 1 0
github.com/gaz358/myprog/workmate/pkg/logger/context.go:37.2,37.69 1 0
github.com/gaz358/myprog/workmate/pkg/logger/context.go:37.69,39.3 1 0
github.com/gaz358/myprog/workmate/pkg/logger/context.go:40.2,40.10 1 0
github.com/gaz358/myprog/workmate/pkg/logger/context.go:43.79,51.2 1 0
github.com/gaz358/myprog/workmate/pkg/logger/logger.go:39.13,41.2 1 0
github.com/gaz358/myprog/workmate/pkg/logger/logger.go:45.66,47.2 1 0
github.com/gaz358/myprog/workmate/pkg/logger/logger.go:50.90,51.18 1 0
github.com/gaz358/myprog/workmate/pkg/logger/logger.go:51.18,53.3 1 0
github.com/gaz358/myprog/workmate/pkg/logger/logger.go:54.2,76.3 1 0
github.com/gaz358/myprog/workmate/pkg/logger/logger.go:80.53,84.2 3 0
github.com/gaz358/myprog/workmate/pkg/logger/logger.go:87.65,91.2 3 0
github.com/gaz358/myprog/workmate/pkg/logger/logger.go:94.23,96.2 1 0
github.com/gaz358/myprog/workmate/pkg/logger/logger.go:99.27,101.2 1 0
github.com/gaz358/myprog/workmate/pkg/logger/logger.go:104.28,106.2 1 0
github.com/gaz358/myprog/workmate/pkg/logger/logger.go:109.32,111.2 1 0
github.com/gaz358/myprog/workmate/pkg/logger/logger.go:120.54,122.2 1 0
github.com/gaz358/myprog/workmate/pkg/logger/logger.go:125.70,127.2 1 0
github.com/gaz358/myprog/workmate/pkg/logger/logger.go:130.71,132.2 1 0
github.com/gaz358/myprog/workmate/pkg/logger/logger.go:135.53,137.2 1 0
github.com/gaz358/myprog/workmate/pkg/logger/logger.go:140.69,142.2 1 0
github.com/gaz358/myprog/workmate/pkg/logger/logger.go:145.70,147.2 1 0
github.com/gaz358/myprog/workmate/pkg/logger/logger.go:150.53,152.2 1 0
github.com/gaz358/myprog/workmate/pkg/logger/logger.go:155.69,157.2 1 0
github.com/gaz358/myprog/workmate/pkg/logger/logger.go:160.70,162.2 1 0
github.com/gaz358/myprog/workmate/pkg/logger/logger.go:165.54,167.2 1 0
github.com/gaz358/myprog/workmate/pkg/logger/logger.go:170.70,172.2 1 0
github.com/gaz358/myprog/workmate/pkg/logger/logger.go:175.71,177.2 1 0
github.com/gaz358/myprog/workmate/pkg/logger/logger.go:180.54,182.2 1 0
github.com/gaz358/myprog/workmate/pkg/logger/logger.go:185.70,187.2 1 0
github.com/gaz358/myprog/workmate/pkg/logger/logger.go:190.71,192.2 1 0
github.com/gaz358/myprog/workmate/pkg/logger/logger.go:195.54,197.2 1 0
github.com/gaz358/myprog/workmate/pkg/logger/logger.go:200.70,202.2 1 0
github.com/gaz358/myprog/workmate/pkg/logger/logger.go:205.71,207.2 1 0
github.com/gaz358/myprog/workmate/internal/delivery/phttp/task_handler.go:27.51,33.2 2 1
github.com/gaz358/myprog/workmate/internal/delivery/phttp/task_handler.go:35.41,47.2 9 1
github.com/gaz358/myprog/workmate/internal/delivery/phttp/task_handler.go:56.66,60.16 3 1
github.com/gaz358/myprog/workmate/internal/delivery/phttp/task_handler.go:60.16,64.3 3 0
github.com/gaz358/myprog/workmate/internal/delivery/phttp/task_handler.go:66.2,68.24 3 1
github.com/gaz358/myprog/workmate/internal/delivery/phttp/task_handler.go:80.63,85.16 4 1
github.com/gaz358/myprog/workmate/internal/delivery/phttp/task_handler.go:85.16,86.41 1 1
github.com/gaz358/myprog/workmate/internal/delivery/phttp/task_handler.go:86.41,91.4 4 1
github.com/gaz358/myprog/workmate/internal/delivery/phttp/task_handler.go:93.3,96.9 4 0
github.com/gaz358/myprog/workmate/internal/delivery/phttp/task_handler.go:99.2,101.24 3 1
github.com/gaz358/myprog/workmate/internal/delivery/phttp/task_handler.go:111.66,116.16 4 1
github.com/gaz358/myprog/workmate/internal/delivery/phttp/task_handler.go:116.16,117.41 1 0
github.com/gaz358/myprog/workmate/internal/delivery/phttp/task_handler.go:117.41,122.4 4 0
github.com/gaz358/myprog/workmate/internal/delivery/phttp/task_handler.go:124.3,127.9 4 0
github.com/gaz358/myprog/workmate/internal/delivery/phttp/task_handler.go:130.2,131.37 2 1
github.com/gaz358/myprog/workmate/internal/delivery/phttp/task_handler.go:134.54,137.2 2 1
github.com/gaz358/myprog/workmate/internal/delivery/phttp/task_handler.go:145.64,147.16 2 0
github.com/gaz358/myprog/workmate/internal/delivery/phttp/task_handler.go:147.16,152.3 4 0
github.com/gaz358/myprog/workmate/internal/delivery/phttp/task_handler.go:154.2,155.26 2 0
github.com/gaz358/myprog/workmate/internal/delivery/phttp/task_handler.go:155.26,160.41 2 0
github.com/gaz358/myprog/workmate/internal/delivery/phttp/task_handler.go:160.41,162.4 1 0
github.com/gaz358/myprog/workmate/internal/delivery/phttp/task_handler.go:163.3,163.32 1 0
github.com/gaz358/myprog/workmate/internal/delivery/phttp/task_handler.go:166.2,166.22 1 0
github.com/gaz358/myprog/workmate/internal/delivery/phttp/task_handler.go:177.66,182.16 4 1
github.com/gaz358/myprog/workmate/internal/delivery/phttp/task_handler.go:182.16,183.41 1 0
github.com/gaz358/myprog/workmate/internal/delivery/phttp/task_handler.go:183.41,188.4 4 0
github.com/gaz358/myprog/workmate/internal/delivery/phttp/task_handler.go:189.3,192.9 4 0
github.com/gaz358/myprog/workmate/internal/delivery/phttp/task_handler.go:195.2,196.55 2 1
github.com/gaz358/myprog/workmate/internal/delivery/phttp/task_handler.go:205.66,207.49 2 0
github.com/gaz358/myprog/workmate/internal/delivery/phttp/task_handler.go:207.49,209.3 1 0
github.com/gaz358/myprog/workmate/internal/delivery/phttp/task_handler.go:224.66,231.46 5 0
github.com/gaz358/myprog/workmate/internal/delivery/phttp/task_handler.go:231.46,232.53 1 0
github.com/gaz358/myprog/workmate/internal/delivery/phttp/task_handler.go:232.53,234.4 1 0
github.com/gaz358/myprog/workmate/internal/delivery/phttp/task_handler.go:236.2,236.47 1 0
github.com/gaz358/myprog/workmate/internal/delivery/phttp/task_handler.go:236.47,237.54 1 0
github.com/gaz358/myprog/workmate/internal/delivery/phttp/task_handler.go:237.54,239.4 1 0
github.com/gaz358/myprog/workmate/internal/delivery/phttp/task_handler.go:242.2,243.16 2 0
github.com/gaz358/myprog/workmate/internal/delivery/phttp/task_handler.go:243.16,248.3 4 0
github.com/gaz358/myprog/workmate/internal/delivery/phttp/task_handler.go:251.2,252.26 2 0
github.com/gaz358/myprog/workmate/internal/delivery/phttp/task_handler.go:252.26,253.29 1 0
github.com/gaz358/myprog/workmate/internal/delivery/phttp/task_handler.go:253.29,254.12 1 0
github.com/gaz358/myprog/workmate/internal/delivery/phttp/task_handler.go:256.3,256.49 1 0
github.com/gaz358/myprog/workmate/internal/delivery/phttp/task_handler.go:256.49,257.12 1 0
github.com/gaz358/myprog/workmate/internal/delivery/phttp/task_handler.go:259.3,259.33 1 0
github.com/gaz358/myprog/workmate/internal/delivery/phttp/task_handler.go:263.2,263.28 1 0
github.com/gaz358/myprog/workmate/internal/delivery/phttp/task_handler.go:263.28,265.3 1 0
github.com/gaz358/myprog/workmate/internal/delivery/phttp/task_handler.go:266.2,267.25 2 0
github.com/gaz358/myprog/workmate/internal/delivery/phttp/task_handler.go:267.25,269.3 1 0
github.com/gaz358/myprog/workmate/internal/delivery/phttp/task_handler.go:270.2,272.21 2 0
github.com/gaz358/myprog/workmate/repository/memory/task_repo.go:23.38,25.29 2 1
github.com/gaz358/myprog/workmate/repository/memory/task_repo.go:25.29,27.3 1 1
github.com/gaz358/myprog/workmate/repository/memory/task_repo.go:28.2,28.13 1 1
github.com/gaz358/myprog/workmate/repository/memory/task_repo.go:32.31,36.2 3 1
github.com/gaz358/myprog/workmate/repository/memory/task_repo.go:39.51,42.2 2 1
github.com/gaz358/myprog/workmate/repository/memory/task_repo.go:44.77,48.44 4 1
github.com/gaz358/myprog/workmate/repository/memory/task_repo.go:48.44,50.3 1 0
github.com/gaz358/myprog/workmate/repository/memory/task_repo.go:51.2,53.12 3 1
github.com/gaz358/myprog/workmate/repository/memory/task_repo.go:56.77,60.45 4 1
github.com/gaz358/myprog/workmate/repository/memory/task_repo.go:60.45,62.3 1 1
github.com/gaz358/myprog/workmate/repository/memory/task_repo.go:63.2,65.12 3 1
github.com/gaz358/myprog/workmate/repository/memory/task_repo.go:68.69,72.32 4 1
github.com/gaz358/myprog/workmate/repository/memory/task_repo.go:72.32,74.3 1 1
github.com/gaz358/myprog/workmate/repository/memory/task_repo.go:75.2,76.12 2 1
github.com/gaz358/myprog/workmate/repository/memory/task_repo.go:79.82,84.9 5 1
github.com/gaz358/myprog/workmate/repository/memory/task_repo.go:84.9,86.3 1 1
github.com/gaz358/myprog/workmate/repository/memory/task_repo.go:87.2,88.20 2 1
github.com/gaz358/myprog/workmate/repository/memory/task_repo.go:91.74,93.34 2 1
github.com/gaz358/myprog/workmate/repository/memory/task_repo.go:93.34,96.33 3 1
github.com/gaz358/myprog/workmate/repository/memory/task_repo.go:96.33,99.4 2 1
github.com/gaz358/myprog/workmate/repository/memory/task_repo.go:100.3,100.18 1 1
github.com/gaz358/myprog/workmate/repository/memory/task_repo.go:102.2,102.20 1 1
